#
# A fatal error has been detected by the Java Runtime Environment:
#
#  EXCEPTION_ACCESS_VIOLATION (0xc0000005) at pc=0x00000000715726f4, pid=5240, tid=0x00000000000018cc
#
# JRE version: OpenJDK Runtime Environment (8.0_242-b01) (build 1.8.0_242-release-1644-b01)
# Java VM: OpenJDK 64-Bit Server VM (25.242-b01 mixed mode windows-amd64 compressed oops)
# Problematic frame:
# V  [jvm.dll+0x4226f4]
#
# Failed to write core dump. Minidumps are not enabled by default on client versions of Windows
#
# If you would like to submit a bug report, please visit:
#   
#

---------------  T H R E A D  ---------------

Current thread (0x0000000017e5b800):  JavaThread "C2 CompilerThread1" daemon [_thread_in_native, id=6348, stack(0x00000000195a0000,0x00000000196a0000)]

siginfo: ExceptionCode=0xc0000005, reading address 0xffffffffffffffff

Registers:
RAX=0x0000000000000000, RBX=0x0000000020741c50, RCX=0x000000001a852c28, RDX=0x0000000000000000
RSP=0x000000001969c620, RBP=0x000000001969c698, RSI=0xfffffffffffffff8, RDI=0x0000000020741c50
R8 =0x0000000020741c50, R9 =0x0000000000000000, R10=0x080000000a031402, R11=0x000000001fa64d28
R12=0x000000001f51ef90, R13=0x000000001eef6be0, R14=0x0000000000000001, R15=0x000000001969c980
RIP=0x00000000715726f4, EFLAGS=0x0000000000010202

Top of Stack: (sp=0x000000001969c620)
0x000000001969c620:   000000001a32c290 000000001969c698
0x000000001969c630:   fffffffffffffff8 fffffffffffffff8
0x000000001969c640:   0000000020741c50 00000000716097a7
0x000000001969c650:   000000001969ec00 00000000000027d8
0x000000001969c660:   0000000017ea8ef8 0000000000000000
0x000000001969c670:   000000001c112270 000000001c1ba5b0
0x000000001969c680:   000000001c106f70 0000000017e14cd0
0x000000001969c690:   0000000000000001 000000001969edc8
0x000000001969c6a0:   0000000000000004 0000000000002cd9
0x000000001969c6b0:   000000001969c710 0000000071609e7d
0x000000001969c6c0:   000000001969ec00 000000001969c980
0x000000001969c6d0:   000000001969c980 0000000000000000
0x000000001969c6e0:   0000000000100000 0000000000000000
0x000000001969c6f0:   0000000000000000 0000000000000000
0x000000001969c700:   0000000000000000 000000007160415c
0x000000001969c710:   00000000717002f8 000000001969ec00 

Instructions: (pc=0x00000000715726f4)
0x00000000715726d4:   0f 94 c0 48 83 c4 20 5f c3 cc cc cc 48 89 5c 24
0x00000000715726e4:   08 57 48 83 ec 20 4c 8b 51 08 44 8b ca 49 8b d8
0x00000000715726f4:   4f 8b 04 ca 48 8b f9 4d 85 c0 74 27 49 8b 48 10
0x0000000071572704:   48 85 c9 74 1e 41 8b 40 20 48 8d 14 c1 48 83 ea 


Register to memory mapping:

RAX=0x0000000000000000 is an unknown value
RBX=0x0000000020741c50 is an unknown value
RCX=0x000000001a852c28 is an unknown value
RDX=0x0000000000000000 is an unknown value
RSP=0x000000001969c620 is pointing into the stack for thread: 0x0000000017e5b800
RBP=0x000000001969c698 is pointing into the stack for thread: 0x0000000017e5b800
RSI=0xfffffffffffffff8 is an unknown value
RDI=0x0000000020741c50 is an unknown value
R8 =0x0000000020741c50 is an unknown value
R9 =0x0000000000000000 is an unknown value
R10=0x080000000a031402 is an unknown value
R11=0x000000001fa64d28 is an unknown value
R12=0x000000001f51ef90 is an unknown value
R13=0x000000001eef6be0 is an unknown value
R14=0x0000000000000001 is an unknown value
R15=0x000000001969c980 is pointing into the stack for thread: 0x0000000017e5b800


Stack: [0x00000000195a0000,0x00000000196a0000],  sp=0x000000001969c620,  free space=1009k
Native frames: (J=compiled Java code, j=interpreted, Vv=VM code, C=native code)
V  [jvm.dll+0x4226f4]
V  [jvm.dll+0x4b97a7]
V  [jvm.dll+0x4b9e7d]
V  [jvm.dll+0x4454c1]
V  [jvm.dll+0x447fa8]
V  [jvm.dll+0x42b072]
V  [jvm.dll+0x8230f]
V  [jvm.dll+0x82c7f]
V  [jvm.dll+0x220b7f]
V  [jvm.dll+0x27276a]
C  [msvcr100.dll+0x21d9f]
C  [msvcr100.dll+0x21e3b]
C  [KERNEL32.DLL+0x13034]
C  [ntdll.dll+0x71551]


Current CompileTask:
C2:  12875 5288       4       sun.reflect.generics.parser.SignatureParser::parsePackageNameAndSimpleClassTypeSignature (139 bytes)


---------------  P R O C E S S  ---------------

Java Threads: ( => current thread )
  0x000000001f19a000 JavaThread "Cache worker for Build Output Cleanup Cache (C:\Users\Marjan\AndroidStudioProjects\BeautyWallpaper\.gradle\buildOutputCleanup)" [_thread_blocked, id=3960, stack(0x000000002a7c0000,0x000000002a8c0000)]
  0x000000001f19b800 JavaThread "jar transforms Thread 121" [_thread_blocked, id=4424, stack(0x000000002a4c0000,0x000000002a5c0000)]
  0x000000001f19a800 JavaThread "jar transforms Thread 120" [_thread_blocked, id=3948, stack(0x000000002a3c0000,0x000000002a4c0000)]
  0x000000001f19e800 JavaThread "jar transforms Thread 119" [_thread_blocked, id=3552, stack(0x000000002a2c0000,0x000000002a3c0000)]
  0x000000001ef4d000 JavaThread "jar transforms Thread 118" [_thread_blocked, id=2816, stack(0x000000002a1c0000,0x000000002a2c0000)]
  0x000000001ef4b000 JavaThread "jar transforms Thread 117" [_thread_blocked, id=384, stack(0x000000002a0c0000,0x000000002a1c0000)]
  0x000000001ef47000 JavaThread "jar transforms Thread 116" [_thread_blocked, id=1208, stack(0x0000000029fc0000,0x000000002a0c0000)]
  0x000000001ef4e000 JavaThread "jar transforms Thread 115" [_thread_blocked, id=8360, stack(0x0000000029ec0000,0x0000000029fc0000)]
  0x000000001ef4c800 JavaThread "jar transforms Thread 114" [_thread_blocked, id=6516, stack(0x0000000029cc0000,0x0000000029dc0000)]
  0x000000001ef4a000 JavaThread "jar transforms Thread 113" [_thread_blocked, id=2692, stack(0x0000000029bc0000,0x0000000029cc0000)]
  0x000000001ef49800 JavaThread "jar transforms Thread 112" [_thread_blocked, id=8488, stack(0x0000000029ac0000,0x0000000029bc0000)]
  0x000000001ef48800 JavaThread "jar transforms Thread 111" [_thread_blocked, id=1100, stack(0x00000000299c0000,0x0000000029ac0000)]
  0x000000001ef4b800 JavaThread "jar transforms Thread 110" [_thread_blocked, id=6728, stack(0x00000000298c0000,0x00000000299c0000)]
  0x000000001ef48000 JavaThread "jar transforms Thread 109" [_thread_blocked, id=8920, stack(0x00000000297c0000,0x00000000298c0000)]
  0x000000001ef3f800 JavaThread "jar transforms Thread 108" [_thread_blocked, id=5384, stack(0x00000000296c0000,0x00000000297c0000)]
  0x000000001ef46800 JavaThread "jar transforms Thread 107" [_thread_blocked, id=3640, stack(0x00000000295c0000,0x00000000296c0000)]
  0x000000001ef45800 JavaThread "jar transforms Thread 106" [_thread_blocked, id=3684, stack(0x00000000294c0000,0x00000000295c0000)]
  0x000000001ef44000 JavaThread "jar transforms Thread 105" [_thread_blocked, id=8588, stack(0x00000000293c0000,0x00000000294c0000)]
  0x000000001ef43800 JavaThread "jar transforms Thread 104" [_thread_blocked, id=5116, stack(0x00000000292c0000,0x00000000293c0000)]
  0x000000001ef3f000 JavaThread "jar transforms Thread 103" [_thread_blocked, id=6520, stack(0x00000000291c0000,0x00000000292c0000)]
  0x000000001ef42800 JavaThread "jar transforms Thread 102" [_thread_blocked, id=5112, stack(0x00000000290c0000,0x00000000291c0000)]
  0x000000001ef42000 JavaThread "jar transforms Thread 101" [_thread_blocked, id=4600, stack(0x0000000028fc0000,0x00000000290c0000)]
  0x000000001ef45000 JavaThread "jar transforms Thread 100" [_thread_blocked, id=4540, stack(0x0000000028ec0000,0x0000000028fc0000)]
  0x000000001ef41000 JavaThread "jar transforms Thread 99" [_thread_blocked, id=7376, stack(0x0000000028dc0000,0x0000000028ec0000)]
  0x000000001ef40800 JavaThread "jar transforms Thread 98" [_thread_blocked, id=6932, stack(0x0000000028cc0000,0x0000000028dc0000)]
  0x000000001fa7c800 JavaThread "jar transforms Thread 97" [_thread_blocked, id=8404, stack(0x0000000028bc0000,0x0000000028cc0000)]
  0x000000001fa7b000 JavaThread "jar transforms Thread 96" [_thread_blocked, id=9008, stack(0x0000000028ac0000,0x0000000028bc0000)]
  0x000000001fa7b800 JavaThread "jar transforms Thread 95" [_thread_blocked, id=7424, stack(0x00000000289c0000,0x0000000028ac0000)]
  0x000000001fa76800 JavaThread "jar transforms Thread 94" [_thread_blocked, id=5200, stack(0x00000000288c0000,0x00000000289c0000)]
  0x000000001fa7a000 JavaThread "jar transforms Thread 93" [_thread_blocked, id=3284, stack(0x00000000287c0000,0x00000000288c0000)]
  0x000000001fa79800 JavaThread "jar transforms Thread 92" [_thread_blocked, id=7432, stack(0x00000000286c0000,0x00000000287c0000)]
  0x000000001fa77000 JavaThread "jar transforms Thread 91" [_thread_blocked, id=5328, stack(0x00000000285c0000,0x00000000286c0000)]
  0x000000001fa78800 JavaThread "jar transforms Thread 90" [_thread_blocked, id=5320, stack(0x00000000284c0000,0x00000000285c0000)]
  0x000000001fa78000 JavaThread "jar transforms Thread 89" [_thread_blocked, id=7388, stack(0x00000000283c0000,0x00000000284c0000)]
  0x000000001fa6f000 JavaThread "jar transforms Thread 88" [_thread_blocked, id=6132, stack(0x00000000282c0000,0x00000000283c0000)]
  0x000000001fa75800 JavaThread "jar transforms Thread 87" [_thread_blocked, id=6416, stack(0x00000000281c0000,0x00000000282c0000)]
  0x000000001fa70800 JavaThread "jar transforms Thread 86" [_thread_blocked, id=4340, stack(0x00000000280c0000,0x00000000281c0000)]
  0x000000001fa75000 JavaThread "jar transforms Thread 85" [_thread_blocked, id=3716, stack(0x0000000027fc0000,0x00000000280c0000)]
  0x000000001fa6d800 JavaThread "jar transforms Thread 84" [_thread_blocked, id=7504, stack(0x0000000027ec0000,0x0000000027fc0000)]
  0x000000001fa71000 JavaThread "jar transforms Thread 83" [_thread_blocked, id=7400, stack(0x0000000027dc0000,0x0000000027ec0000)]
  0x000000001fa6e000 JavaThread "jar transforms Thread 82" [_thread_blocked, id=2532, stack(0x0000000027cc0000,0x0000000027dc0000)]
  0x000000001fa74000 JavaThread "jar transforms Thread 81" [_thread_blocked, id=1368, stack(0x0000000027bc0000,0x0000000027cc0000)]
  0x000000001fa6f800 JavaThread "jar transforms Thread 80" [_thread_blocked, id=8140, stack(0x0000000027ac0000,0x0000000027bc0000)]
  0x000000001fa72000 JavaThread "jar transforms Thread 79" [_thread_blocked, id=296, stack(0x00000000279c0000,0x0000000027ac0000)]
  0x000000001fa73800 JavaThread "jar transforms Thread 78" [_thread_blocked, id=588, stack(0x00000000278c0000,0x00000000279c0000)]
  0x000000001fa72800 JavaThread "jar transforms Thread 77" [_thread_blocked, id=3504, stack(0x00000000277c0000,0x00000000278c0000)]
  0x000000001bb17000 JavaThread "jar transforms Thread 76" [_thread_blocked, id=6544, stack(0x00000000276c0000,0x00000000277c0000)]
  0x000000001bb1d000 JavaThread "jar transforms Thread 75" [_thread_blocked, id=4232, stack(0x00000000275c0000,0x00000000276c0000)]
  0x000000001bb1b800 JavaThread "jar transforms Thread 74" [_thread_blocked, id=7280, stack(0x00000000274c0000,0x00000000275c0000)]
  0x000000001bb18800 JavaThread "jar transforms Thread 73" [_thread_blocked, id=7472, stack(0x00000000273c0000,0x00000000274c0000)]
  0x000000001bb15800 JavaThread "jar transforms Thread 72" [_thread_blocked, id=8652, stack(0x00000000272c0000,0x00000000273c0000)]
  0x000000001bb18000 JavaThread "jar transforms Thread 71" [_thread_blocked, id=5820, stack(0x00000000271c0000,0x00000000272c0000)]
  0x000000001bb1a000 JavaThread "jar transforms Thread 70" [_thread_blocked, id=1948, stack(0x00000000270c0000,0x00000000271c0000)]
  0x000000001bb1c800 JavaThread "jar transforms Thread 69" [_thread_blocked, id=2068, stack(0x0000000026fc0000,0x00000000270c0000)]
  0x000000001bb16000 JavaThread "jar transforms Thread 68" [_thread_blocked, id=2072, stack(0x0000000026ec0000,0x0000000026fc0000)]
  0x000000001bb1b000 JavaThread "jar transforms Thread 67" [_thread_blocked, id=8896, stack(0x0000000026dc0000,0x0000000026ec0000)]
  0x000000001bb19800 JavaThread "jar transforms Thread 66" [_thread_blocked, id=8724, stack(0x0000000026cc0000,0x0000000026dc0000)]
  0x000000001bb0e800 JavaThread "jar transforms Thread 65" [_thread_blocked, id=8732, stack(0x0000000026bc0000,0x0000000026cc0000)]
  0x000000001bb0e000 JavaThread "jar transforms Thread 64" [_thread_blocked, id=9060, stack(0x0000000026ac0000,0x0000000026bc0000)]
  0x000000001bb14000 JavaThread "jar transforms Thread 63" [_thread_blocked, id=8880, stack(0x00000000269c0000,0x0000000026ac0000)]
  0x000000001bb13000 JavaThread "jar transforms Thread 62" [_thread_blocked, id=7908, stack(0x00000000268c0000,0x00000000269c0000)]
  0x000000001bb14800 JavaThread "jar transforms Thread 61" [_thread_blocked, id=4468, stack(0x00000000267c0000,0x00000000268c0000)]
  0x000000001bb12800 JavaThread "jar transforms Thread 60" [_thread_blocked, id=6004, stack(0x00000000266c0000,0x00000000267c0000)]
  0x000000001bb0f800 JavaThread "jar transforms Thread 59" [_thread_blocked, id=1560, stack(0x00000000265c0000,0x00000000266c0000)]
  0x000000001bb11800 JavaThread "jar transforms Thread 58" [_thread_blocked, id=6076, stack(0x00000000264c0000,0x00000000265c0000)]
  0x000000001bb10000 JavaThread "jar transforms Thread 57" [_thread_blocked, id=6724, stack(0x00000000263c0000,0x00000000264c0000)]
  0x000000001bb11000 JavaThread "jar transforms Thread 56" [_thread_blocked, id=7320, stack(0x00000000262c0000,0x00000000263c0000)]
  0x000000001f8aa000 JavaThread "jar transforms Thread 55" [_thread_blocked, id=3836, stack(0x00000000261c0000,0x00000000262c0000)]
  0x000000001f8ad000 JavaThread "jar transforms Thread 54" [_thread_blocked, id=8388, stack(0x00000000260c0000,0x00000000261c0000)]
  0x000000001f8aa800 JavaThread "jar transforms Thread 53" [_thread_blocked, id=3940, stack(0x0000000025fc0000,0x00000000260c0000)]
  0x000000001f8a9000 JavaThread "jar transforms Thread 52" [_thread_blocked, id=3808, stack(0x0000000025ec0000,0x0000000025fc0000)]
  0x000000001f8ac000 JavaThread "jar transforms Thread 51" [_thread_blocked, id=6372, stack(0x0000000025dc0000,0x0000000025ec0000)]
  0x000000001f8ab800 JavaThread "jar transforms Thread 50" [_thread_blocked, id=6664, stack(0x0000000025cc0000,0x0000000025dc0000)]
  0x000000001f8a8800 JavaThread "jar transforms Thread 49" [_thread_blocked, id=7728, stack(0x0000000025bc0000,0x0000000025cc0000)]
  0x000000001f8a7800 JavaThread "jar transforms Thread 48" [_thread_blocked, id=6056, stack(0x0000000025ac0000,0x0000000025bc0000)]
  0x000000001f8ad800 JavaThread "jar transforms Thread 47" [_thread_blocked, id=2864, stack(0x00000000259c0000,0x0000000025ac0000)]
  0x000000001f8a3000 JavaThread "jar transforms Thread 46" [_thread_blocked, id=4240, stack(0x00000000258c0000,0x00000000259c0000)]
  0x000000001f8a7000 JavaThread "jar transforms Thread 45" [_thread_blocked, id=8324, stack(0x00000000257c0000,0x00000000258c0000)]
  0x000000001f8a2800 JavaThread "jar transforms Thread 44" [_thread_blocked, id=4944, stack(0x00000000256c0000,0x00000000257c0000)]
  0x000000001f89f000 JavaThread "jar transforms Thread 43" [_thread_blocked, id=7808, stack(0x00000000255c0000,0x00000000256c0000)]
  0x000000001f8a1800 JavaThread "jar transforms Thread 42" [_thread_blocked, id=7196, stack(0x00000000254c0000,0x00000000255c0000)]
  0x000000001f8a4800 JavaThread "jar transforms Thread 41" [_thread_blocked, id=7732, stack(0x00000000253c0000,0x00000000254c0000)]
  0x000000001f8a0000 JavaThread "jar transforms Thread 40" [_thread_blocked, id=8248, stack(0x00000000252c0000,0x00000000253c0000)]
  0x000000001f8a6000 JavaThread "jar transforms Thread 39" [_thread_blocked, id=3240, stack(0x00000000251c0000,0x00000000252c0000)]
  0x000000001f8a0800 JavaThread "jar transforms Thread 38" [_thread_blocked, id=8276, stack(0x00000000250c0000,0x00000000251c0000)]
  0x000000001f89e800 JavaThread "jar transforms Thread 37" [_thread_blocked, id=6104, stack(0x0000000024fc0000,0x00000000250c0000)]
  0x000000001f8a5800 JavaThread "jar transforms Thread 36" [_thread_blocked, id=1912, stack(0x0000000024ec0000,0x0000000024fc0000)]
  0x000000001f8a4000 JavaThread "jar transforms Thread 35" [_thread_blocked, id=3192, stack(0x0000000024dc0000,0x0000000024ec0000)]
  0x000000001ffa4800 JavaThread "jar transforms Thread 34" [_thread_blocked, id=7352, stack(0x0000000024cc0000,0x0000000024dc0000)]
  0x000000001ffa3800 JavaThread "jar transforms Thread 33" [_thread_blocked, id=3340, stack(0x0000000024bc0000,0x0000000024cc0000)]
  0x000000001ffa0800 JavaThread "jar transforms Thread 32" [_thread_blocked, id=4968, stack(0x0000000024ac0000,0x0000000024bc0000)]
  0x000000001ffa2000 JavaThread "jar transforms Thread 31" [_thread_blocked, id=3248, stack(0x00000000249c0000,0x0000000024ac0000)]
  0x000000001ffa0000 JavaThread "jar transforms Thread 30" [_thread_blocked, id=7428, stack(0x00000000248c0000,0x00000000249c0000)]
  0x000000001ff9f000 JavaThread "jar transforms Thread 29" [_thread_blocked, id=3980, stack(0x00000000247c0000,0x00000000248c0000)]
  0x000000001ffa1800 JavaThread "jar transforms Thread 28" [_thread_blocked, id=4016, stack(0x00000000246c0000,0x00000000247c0000)]
  0x000000001ffa3000 JavaThread "jar transforms Thread 27" [_thread_blocked, id=3880, stack(0x00000000245c0000,0x00000000246c0000)]
  0x000000001ff98800 JavaThread "jar transforms Thread 26" [_thread_blocked, id=4000, stack(0x00000000244c0000,0x00000000245c0000)]
  0x000000001ff9e800 JavaThread "jar transforms Thread 25" [_thread_blocked, id=3844, stack(0x00000000243c0000,0x00000000244c0000)]
  0x000000001ff97000 JavaThread "jar transforms Thread 24" [_thread_blocked, id=3804, stack(0x00000000242c0000,0x00000000243c0000)]
  0x000000001ff9d800 JavaThread "jar transforms Thread 23" [_thread_blocked, id=3908, stack(0x00000000241c0000,0x00000000242c0000)]
  0x000000001ff97800 JavaThread "jar transforms Thread 22" [_thread_blocked, id=4052, stack(0x00000000240c0000,0x00000000241c0000)]
  0x000000001ff9d000 JavaThread "jar transforms Thread 21" [_thread_blocked, id=3956, stack(0x0000000023fc0000,0x00000000240c0000)]
  0x000000001ff96000 JavaThread "jar transforms Thread 20" [_thread_blocked, id=3984, stack(0x0000000023ec0000,0x0000000023fc0000)]
  0x000000001ff9c000 JavaThread "jar transforms Thread 19" [_thread_blocked, id=3888, stack(0x0000000023dc0000,0x0000000023ec0000)]
  0x000000001ff95800 JavaThread "jar transforms Thread 18" [_thread_blocked, id=3904, stack(0x0000000023cc0000,0x0000000023dc0000)]
  0x000000001ff9b800 JavaThread "jar transforms Thread 17" [_thread_blocked, id=4020, stack(0x0000000023bc0000,0x0000000023cc0000)]
  0x000000001ff9a000 JavaThread "jar transforms Thread 16" [_thread_blocked, id=3988, stack(0x0000000023ac0000,0x0000000023bc0000)]
  0x000000001ff99000 JavaThread "jar transforms Thread 15" [_thread_blocked, id=3952, stack(0x00000000239c0000,0x0000000023ac0000)]
  0x000000001ff9a800 JavaThread "jar transforms Thread 14" [_thread_blocked, id=6404, stack(0x00000000238c0000,0x00000000239c0000)]
  0x000000001e6ce800 JavaThread "jar transforms Thread 13" [_thread_blocked, id=3968, stack(0x00000000237c0000,0x00000000238c0000)]
  0x000000001e6ce000 JavaThread "jar transforms Thread 12" [_thread_blocked, id=4024, stack(0x00000000236c0000,0x00000000237c0000)]
  0x000000001e6cd000 JavaThread "jar transforms Thread 11" [_thread_blocked, id=4012, stack(0x00000000235c0000,0x00000000236c0000)]
  0x000000001e6cc800 JavaThread "jar transforms Thread 10" [_thread_blocked, id=3756, stack(0x00000000234c0000,0x00000000235c0000)]
  0x000000001e6cb800 JavaThread "jar transforms Thread 9" [_thread_blocked, id=9156, stack(0x00000000233c0000,0x00000000234c0000)]
  0x000000001e6cb000 JavaThread "jar transforms Thread 8" [_thread_blocked, id=8300, stack(0x00000000232c0000,0x00000000233c0000)]
  0x000000001e6ca000 JavaThread "jar transforms Thread 7" [_thread_blocked, id=4216, stack(0x00000000231c0000,0x00000000232c0000)]
  0x000000001e6cf800 JavaThread "jar transforms Thread 6" [_thread_blocked, id=8408, stack(0x00000000230c0000,0x00000000231c0000)]
  0x000000001e6c9800 JavaThread "jar transforms Thread 5" [_thread_blocked, id=3712, stack(0x0000000022fc0000,0x00000000230c0000)]
  0x000000001e6c2000 JavaThread "jar transforms Thread 4" [_thread_blocked, id=4796, stack(0x0000000022ec0000,0x0000000022fc0000)]
  0x000000001e6c8800 JavaThread "jar transforms Thread 3" [_thread_blocked, id=3708, stack(0x0000000022dc0000,0x0000000022ec0000)]
  0x000000001e6c8000 JavaThread "jar transforms Thread 2" [_thread_blocked, id=4768, stack(0x0000000022cc0000,0x0000000022dc0000)]
  0x000000001e6c0000 JavaThread "Build operations Thread 4" [_thread_blocked, id=9120, stack(0x0000000022bc0000,0x0000000022cc0000)]
  0x000000001e6c2800 JavaThread "Build operations Thread 3" [_thread_blocked, id=3108, stack(0x0000000022ac0000,0x0000000022bc0000)]
  0x000000001e6c1000 JavaThread "Build operations Thread 2" [_thread_blocked, id=3672, stack(0x00000000229c0000,0x0000000022ac0000)]
  0x000000001e6c7000 JavaThread "Build operations" [_thread_blocked, id=1276, stack(0x00000000228c0000,0x00000000229c0000)]
  0x000000001bb0a800 JavaThread "Cache worker for file content cache (C:\Users\Marjan\.gradle\caches\6.5\fileContent)" [_thread_blocked, id=6756, stack(0x00000000221c0000,0x00000000222c0000)]
  0x000000001bb0b000 JavaThread "jar transforms" [_thread_blocked, id=3372, stack(0x00000000220c0000,0x00000000221c0000)]
  0x000000001bb09800 JavaThread "Cache worker for execution history cache (C:\Users\Marjan\.gradle\caches\6.5\executionHistory)" [_thread_blocked, id=6200, stack(0x0000000021bc0000,0x0000000021cc0000)]
  0x000000001bb09000 JavaThread "Cache worker for cache directory md-rule (C:\Users\Marjan\.gradle\caches\6.5\md-rule)" [_thread_blocked, id=2704, stack(0x0000000021ac0000,0x0000000021bc0000)]
  0x000000001bb0c800 JavaThread "Cache worker for cache directory md-supplier (C:\Users\Marjan\.gradle\caches\6.5\md-supplier)" [_thread_blocked, id=4788, stack(0x00000000219c0000,0x0000000021ac0000)]
  0x000000001bb06800 JavaThread "Cache worker for checksums cache (C:\Users\Marjan\AndroidStudioProjects\BeautyWallpaper\.gradle\checksums)" [_thread_blocked, id=2780, stack(0x00000000218c0000,0x00000000219c0000)]
  0x000000001bb08000 JavaThread "Cache worker for file hash cache (C:\Users\Marjan\AndroidStudioProjects\BeautyWallpaper\.gradle\6.5\fileHashes)" [_thread_blocked, id=2344, stack(0x00000000217c0000,0x00000000218c0000)]
  0x000000001bb07800 JavaThread "Cache worker for file hash cache (C:\Users\Marjan\.gradle\caches\6.5\fileHashes)" [_thread_blocked, id=1212, stack(0x000000001dec0000,0x000000001dfc0000)]
  0x000000001bb0c000 JavaThread "File lock request listener" [_thread_in_native, id=8872, stack(0x000000001ddc0000,0x000000001dec0000)]
  0x000000001baa0000 JavaThread "Cache worker for journal cache (C:\Users\Marjan\.gradle\caches\journal-1)" [_thread_blocked, id=7716, stack(0x000000001dbc0000,0x000000001dcc0000)]
  0x000000001ba75000 JavaThread "Thread-9" [_thread_blocked, id=5800, stack(0x000000001d8c0000,0x000000001d9c0000)]
  0x000000001ba69000 JavaThread "Stdin handler" [_thread_blocked, id=8356, stack(0x000000001d7c0000,0x000000001d8c0000)]
  0x000000001ba68800 JavaThread "Asynchronous log dispatcher for DefaultDaemonConnection: socket connection from /127.0.0.1:63125 to /127.0.0.1:63126" [_thread_blocked, id=6812, stack(0x000000001d6c0000,0x000000001d7c0000)]
  0x000000001bab4800 JavaThread "Daemon worker" [_thread_blocked, id=7596, stack(0x000000001d5c0000,0x000000001d6c0000)]
  0x000000001ba66800 JavaThread "Cancel handler" [_thread_blocked, id=9180, stack(0x000000001d4c0000,0x000000001d5c0000)]
  0x000000001ba4a000 JavaThread "Handler for socket connection from /127.0.0.1:63125 to /127.0.0.1:63126" [_thread_in_native, id=3232, stack(0x000000001d1c0000,0x000000001d2c0000)]
  0x000000001ba3b000 JavaThread "Daemon" [_thread_blocked, id=7508, stack(0x000000001d0c0000,0x000000001d1c0000)]
  0x000000001ba39800 JavaThread "Daemon periodic checks" [_thread_blocked, id=1376, stack(0x000000001cfc0000,0x000000001d0c0000)]
  0x000000001b9eb800 JavaThread "Incoming local TCP Connector on port 63125" [_thread_in_native, id=7660, stack(0x000000001cd80000,0x000000001ce80000)]
  0x000000001b980000 JavaThread "Daemon health stats" [_thread_blocked, id=3648, stack(0x000000001c740000,0x000000001c840000)]
  0x0000000017eac000 JavaThread "Service Thread" daemon [_thread_blocked, id=4564, stack(0x0000000019ba0000,0x0000000019ca0000)]
  0x0000000017e62000 JavaThread "C1 CompilerThread2" daemon [_thread_blocked, id=788, stack(0x00000000196a0000,0x00000000197a0000)]
=>0x0000000017e5b800 JavaThread "C2 CompilerThread1" daemon [_thread_in_native, id=6348, stack(0x00000000195a0000,0x00000000196a0000)]
  0x0000000017e56800 JavaThread "C2 CompilerThread0" daemon [_thread_blocked, id=7204, stack(0x00000000194a0000,0x00000000195a0000)]
  0x0000000017e56000 JavaThread "Attach Listener" daemon [_thread_blocked, id=812, stack(0x00000000193a0000,0x00000000194a0000)]
  0x0000000017e51800 JavaThread "Signal Dispatcher" daemon [_thread_blocked, id=9116, stack(0x00000000192a0000,0x00000000193a0000)]
  0x000000000322c800 JavaThread "Finalizer" daemon [_thread_blocked, id=816, stack(0x00000000190b0000,0x00000000191b0000)]
  0x0000000017e39800 JavaThread "Reference Handler" daemon [_thread_blocked, id=8796, stack(0x0000000018fb0000,0x00000000190b0000)]
  0x00000000017ed800 JavaThread "main" [_thread_blocked, id=4560, stack(0x0000000003030000,0x0000000003130000)]

Other Threads:
  0x0000000017e16000 VMThread [stack: 0x0000000018eb0000,0x0000000018fb0000] [id=7016]
  0x00000000197d8800 WatcherThread [stack: 0x0000000019ca0000,0x0000000019da0000] [id=6160]

VM state:at safepoint (normal execution)

VM Mutex/Monitor currently owned by a thread:  ([mutex/lock_event])
[0x00000000017ec540] Threads_lock - owner thread: 0x0000000017e16000
[0x00000000017ecc40] Heap_lock - owner thread: 0x000000001bab4800

heap address: 0x0000000080000000, size: 2048 MB, Compressed Oops mode: 32-bit
Narrow klass base: 0x0000000000000000, Narrow klass shift: 3
Compressed class space size: 1073741824 Address: 0x0000000100000000

Heap:
 PSYoungGen      total 243712K, used 182809K [0x00000000d5580000, 0x00000000e9c80000, 0x0000000100000000)
  eden space 229888K, 73% used [0x00000000d5580000,0x00000000dfa88758,0x00000000e3600000)
  from space 13824K, 99% used [0x00000000e3600000,0x00000000e437df18,0x00000000e4380000)
  to   space 17408K, 99% used [0x00000000e8b80000,0x00000000e9c7b320,0x00000000e9c80000)
 ParOldGen       total 80384K, used 20857K [0x0000000080000000, 0x0000000084e80000, 0x00000000d5580000)
  object space 80384K, 25% used [0x0000000080000000,0x00000000814625d0,0x0000000084e80000)
 Metaspace       used 56971K, capacity 59084K, committed 59160K, reserved 1099776K
  class space    used 7718K, capacity 8171K, committed 8240K, reserved 1048576K

Card table byte_map: [0x00000000125f0000,0x0000000012a00000] byte_map_base: 0x00000000121f0000

Marking Bits: (ParMarkBitMap*) 0x000000007191f030
 Begin Bits: [0x00000000130b0000, 0x00000000150b0000)
 End Bits:   [0x00000000150b0000, 0x00000000170b0000)

Polling page: 0x00000000017a0000

CodeCache: size=245760Kb used=16768Kb max_used=16775Kb free=228991Kb
 bounds [0x0000000003230000, 0x00000000042a0000, 0x0000000012230000]
 total_blobs=5717 nmethods=4948 adapters=681
 compilation: enabled

Compilation events (10 events):
Event: 12.815 Thread 0x0000000017e62000 nmethod 5333 0x0000000004298a90 code [0x0000000004298be0, 0x0000000004298cf0]
Event: 12.835 Thread 0x0000000017e56800 5334       4       com.google.common.collect.ImmutableCollection$ArrayBasedBuilder::getReadyToExpandTo (64 bytes)
Event: 12.837 Thread 0x0000000017e56800 nmethod 5334 0x000000000429a510 code [0x000000000429a660, 0x000000000429a918]
Event: 12.837 Thread 0x0000000017e62000 5335       3       com.google.common.collect.AbstractMapEntry::<init> (5 bytes)
Event: 12.838 Thread 0x0000000017e62000 nmethod 5335 0x000000000429a150 code [0x000000000429a2a0, 0x000000000429a450]
Event: 12.843 Thread 0x0000000017e62000 5336       3       com.google.common.reflect.TypeVisitor::<init> (12 bytes)
Event: 12.843 Thread 0x0000000017e62000 nmethod 5336 0x0000000004299690 code [0x0000000004299840, 0x0000000004299dd0]
Event: 12.843 Thread 0x0000000017e62000 5337       3       com.google.common.collect.ImmutableMap::entrySet (5 bytes)
Event: 12.844 Thread 0x0000000017e62000 nmethod 5337 0x00000000042991d0 code [0x0000000004299340, 0x0000000004299548]
Event: 12.846 Thread 0x0000000017e62000 5338       3       sun.misc.ProxyGenerator::codeClassForName (41 bytes)

GC Heap History (10 events):
Event: 3.942 GC heap after
Heap after GC invocations=7 (full 1):
 PSYoungGen      total 139776K, used 0K [0x00000000d5580000, 0x00000000de880000, 0x0000000100000000)
  eden space 130048K, 0% used [0x00000000d5580000,0x00000000d5580000,0x00000000dd480000)
  from space 9728K, 0% used [0x00000000ddf00000,0x00000000ddf00000,0x00000000de880000)
  to   space 10240K, 0% used [0x00000000dd480000,0x00000000dd480000,0x00000000dde80000)
 ParOldGen       total 54272K, used 8038K [0x0000000080000000, 0x0000000083500000, 0x00000000d5580000)
  object space 54272K, 14% used [0x0000000080000000,0x00000000807d9840,0x0000000083500000)
 Metaspace       used 20590K, capacity 21212K, committed 21296K, reserved 1067008K
  class space    used 2877K, capacity 3076K, committed 3120K, reserved 1048576K
}
Event: 6.006 GC heap before
{Heap before GC invocations=8 (full 1):
 PSYoungGen      total 139776K, used 130048K [0x00000000d5580000, 0x00000000de880000, 0x0000000100000000)
  eden space 130048K, 100% used [0x00000000d5580000,0x00000000dd480000,0x00000000dd480000)
  from space 9728K, 0% used [0x00000000ddf00000,0x00000000ddf00000,0x00000000de880000)
  to   space 10240K, 0% used [0x00000000dd480000,0x00000000dd480000,0x00000000dde80000)
 ParOldGen       total 54272K, used 8038K [0x0000000080000000, 0x0000000083500000, 0x00000000d5580000)
  object space 54272K, 14% used [0x0000000080000000,0x00000000807d9840,0x0000000083500000)
 Metaspace       used 32704K, capacity 33694K, committed 33968K, reserved 1079296K
  class space    used 4455K, capacity 4719K, committed 4784K, reserved 1048576K
Event: 6.025 GC heap after
Heap after GC invocations=8 (full 1):
 PSYoungGen      total 140288K, used 10215K [0x00000000d5580000, 0x00000000e5180000, 0x0000000100000000)
  eden space 130048K, 0% used [0x00000000d5580000,0x00000000d5580000,0x00000000dd480000)
  from space 10240K, 99% used [0x00000000dd480000,0x00000000dde79c98,0x00000000dde80000)
  to   space 14336K, 0% used [0x00000000e4380000,0x00000000e4380000,0x00000000e5180000)
 ParOldGen       total 54272K, used 12226K [0x0000000080000000, 0x0000000083500000, 0x00000000d5580000)
  object space 54272K, 22% used [0x0000000080000000,0x0000000080bf0be0,0x0000000083500000)
 Metaspace       used 32704K, capacity 33694K, committed 33968K, reserved 1079296K
  class space    used 4455K, capacity 4719K, committed 4784K, reserved 1048576K
}
Event: 6.435 GC heap before
{Heap before GC invocations=9 (full 1):
 PSYoungGen      total 140288K, used 43052K [0x00000000d5580000, 0x00000000e5180000, 0x0000000100000000)
  eden space 130048K, 25% used [0x00000000d5580000,0x00000000d75913f8,0x00000000dd480000)
  from space 10240K, 99% used [0x00000000dd480000,0x00000000dde79c98,0x00000000dde80000)
  to   space 14336K, 0% used [0x00000000e4380000,0x00000000e4380000,0x00000000e5180000)
 ParOldGen       total 54272K, used 12226K [0x0000000080000000, 0x0000000083500000, 0x00000000d5580000)
  object space 54272K, 22% used [0x0000000080000000,0x0000000080bf0be0,0x0000000083500000)
 Metaspace       used 34276K, capacity 35400K, committed 35496K, reserved 1079296K
  class space    used 4718K, capacity 5001K, committed 5040K, reserved 1048576K
Event: 6.467 GC heap after
Heap after GC invocations=9 (full 1):
 PSYoungGen      total 244224K, used 8780K [0x00000000d5580000, 0x00000000e5500000, 0x0000000100000000)
  eden space 229888K, 0% used [0x00000000d5580000,0x00000000d5580000,0x00000000e3600000)
  from space 14336K, 61% used [0x00000000e4380000,0x00000000e4c133e0,0x00000000e5180000)
  to   space 13824K, 0% used [0x00000000e3600000,0x00000000e3600000,0x00000000e4380000)
 ParOldGen       total 54272K, used 12234K [0x0000000080000000, 0x0000000083500000, 0x00000000d5580000)
  object space 54272K, 22% used [0x0000000080000000,0x0000000080bf2be0,0x0000000083500000)
 Metaspace       used 34276K, capacity 35400K, committed 35496K, reserved 1079296K
  class space    used 4718K, capacity 5001K, committed 5040K, reserved 1048576K
}
Event: 6.467 GC heap before
{Heap before GC invocations=10 (full 2):
 PSYoungGen      total 244224K, used 8780K [0x00000000d5580000, 0x00000000e5500000, 0x0000000100000000)
  eden space 229888K, 0% used [0x00000000d5580000,0x00000000d5580000,0x00000000e3600000)
  from space 14336K, 61% used [0x00000000e4380000,0x00000000e4c133e0,0x00000000e5180000)
  to   space 13824K, 0% used [0x00000000e3600000,0x00000000e3600000,0x00000000e4380000)
 ParOldGen       total 54272K, used 12234K [0x0000000080000000, 0x0000000083500000, 0x00000000d5580000)
  object space 54272K, 22% used [0x0000000080000000,0x0000000080bf2be0,0x0000000083500000)
 Metaspace       used 34276K, capacity 35400K, committed 35496K, reserved 1079296K
  class space    used 4718K, capacity 5001K, committed 5040K, reserved 1048576K
Event: 6.630 GC heap after
Heap after GC invocations=10 (full 2):
 PSYoungGen      total 244224K, used 0K [0x00000000d5580000, 0x00000000e5500000, 0x0000000100000000)
  eden space 229888K, 0% used [0x00000000d5580000,0x00000000d5580000,0x00000000e3600000)
  from space 14336K, 0% used [0x00000000e4380000,0x00000000e4380000,0x00000000e5180000)
  to   space 13824K, 0% used [0x00000000e3600000,0x00000000e3600000,0x00000000e4380000)
 ParOldGen       total 80384K, used 15153K [0x0000000080000000, 0x0000000084e80000, 0x00000000d5580000)
  object space 80384K, 18% used [0x0000000080000000,0x0000000080ecc758,0x0000000084e80000)
 Metaspace       used 34276K, capacity 35400K, committed 35496K, reserved 1079296K
  class space    used 4718K, capacity 5001K, committed 5040K, reserved 1048576K
}
Event: 9.634 GC heap before
{Heap before GC invocations=11 (full 2):
 PSYoungGen      total 244224K, used 229888K [0x00000000d5580000, 0x00000000e5500000, 0x0000000100000000)
  eden space 229888K, 100% used [0x00000000d5580000,0x00000000e3600000,0x00000000e3600000)
  from space 14336K, 0% used [0x00000000e4380000,0x00000000e4380000,0x00000000e5180000)
  to   space 13824K, 0% used [0x00000000e3600000,0x00000000e3600000,0x00000000e4380000)
 ParOldGen       total 80384K, used 15153K [0x0000000080000000, 0x0000000084e80000, 0x00000000d5580000)
  object space 80384K, 18% used [0x0000000080000000,0x0000000080ecc758,0x0000000084e80000)
 Metaspace       used 45421K, capacity 47130K, committed 47528K, reserved 1089536K
  class space    used 6121K, capacity 6464K, committed 6576K, reserved 1048576K
Event: 9.675 GC heap after
Heap after GC invocations=11 (full 2):
 PSYoungGen      total 243712K, used 13815K [0x00000000d5580000, 0x00000000e9c80000, 0x0000000100000000)
  eden space 229888K, 0% used [0x00000000d5580000,0x00000000d5580000,0x00000000e3600000)
  from space 13824K, 99% used [0x00000000e3600000,0x00000000e437df18,0x00000000e4380000)
  to   space 17408K, 0% used [0x00000000e8b80000,0x00000000e8b80000,0x00000000e9c80000)
 ParOldGen       total 80384K, used 18813K [0x0000000080000000, 0x0000000084e80000, 0x00000000d5580000)
  object space 80384K, 23% used [0x0000000080000000,0x000000008125f560,0x0000000084e80000)
 Metaspace       used 45421K, capacity 47130K, committed 47528K, reserved 1089536K
  class space    used 6121K, capacity 6464K, committed 6576K, reserved 1048576K
}
Event: 12.847 GC heap before
{Heap before GC invocations=12 (full 2):
 PSYoungGen      total 243712K, used 182809K [0x00000000d5580000, 0x00000000e9c80000, 0x0000000100000000)
  eden space 229888K, 73% used [0x00000000d5580000,0x00000000dfa88758,0x00000000e3600000)
  from space 13824K, 99% used [0x00000000e3600000,0x00000000e437df18,0x00000000e4380000)
  to   space 17408K, 0% used [0x00000000e8b80000,0x00000000e8b80000,0x00000000e9c80000)
 ParOldGen       total 80384K, used 18813K [0x0000000080000000, 0x0000000084e80000, 0x00000000d5580000)
  object space 80384K, 23% used [0x0000000080000000,0x000000008125f560,0x0000000084e80000)
 Metaspace       used 56971K, capacity 59084K, committed 59160K, reserved 1099776K
  class space    used 7718K, capacity 8171K, committed 8240K, reserved 1048576K

Deoptimization events (10 events):
Event: 11.118 Thread 0x000000001bab4800 Uncommon trap: reason=unstable_if action=reinterpret pc=0x0000000003dafd50 method=groovy.lang.MetaClassImpl$1MOPIter.methodNameAction(Ljava/lang/Class;Lorg/codehaus/groovy/runtime/metaclass/MetaMethodIndex$Entry;)V @ 182
Event: 11.260 Thread 0x000000001bab4800 Uncommon trap: reason=unstable_if action=reinterpret pc=0x00000000036054a4 method=java.lang.String.lastIndexOf([CII[CIII)I @ 17
Event: 11.260 Thread 0x000000001bab4800 Uncommon trap: reason=unstable_if action=reinterpret pc=0x0000000003932708 method=sun.net.www.protocol.jar.Handler.parseURL(Ljava/net/URL;Ljava/lang/String;II)V @ 116
Event: 11.555 Thread 0x000000001bab4800 Uncommon trap: reason=null_check action=make_not_entrant pc=0x00000000039efe5c method=java.lang.Class.searchMethods([Ljava/lang/reflect/Method;Ljava/lang/String;[Ljava/lang/Class;)Ljava/lang/reflect/Method; @ 59
Event: 11.638 Thread 0x000000001bab4800 Uncommon trap: reason=class_check action=maybe_recompile pc=0x000000000399b2a8 method=java.util.WeakHashMap.eq(Ljava/lang/Object;Ljava/lang/Object;)Z @ 7
Event: 11.700 Thread 0x000000001bab4800 Uncommon trap: reason=unstable_if action=reinterpret pc=0x0000000003c26cc0 method=java.lang.Class$MethodArray.removeLessSpecifics()V @ 25
Event: 11.702 Thread 0x000000001bab4800 Uncommon trap: reason=unstable_if action=reinterpret pc=0x0000000003ee1f0c method=org.codehaus.groovy.runtime.metaclass.MetaMethodIndex.addMethodToList(Ljava/lang/Object;Lgroovy/lang/MetaMethod;)Ljava/lang/Object; @ 256
Event: 11.712 Thread 0x000000001bab4800 Uncommon trap: reason=class_check action=maybe_recompile pc=0x000000000399b2a8 method=java.util.WeakHashMap.eq(Ljava/lang/Object;Ljava/lang/Object;)Z @ 7
Event: 12.605 Thread 0x000000001bab4800 Uncommon trap: reason=unstable_if action=reinterpret pc=0x0000000003512130 method=sun.misc.MetaIndex.mayContain(Ljava/lang/String;)Z @ 38
Event: 12.606 Thread 0x000000001bab4800 Uncommon trap: reason=unstable_if action=reinterpret pc=0x0000000003c87f8c method=java.security.CodeSource.hashCode()I @ 4

Classes redefined (0 events):
No events

Internal exceptions (10 events):
Event: 11.751 Thread 0x000000001bab4800 Exception <a 'java/lang/ClassNotFoundException': org/jetbrains/kotlin/gradle/internal/AndroidExtensionsExtension_DecoratedCustomizer> (0x00000000dcca7e88) thrown at [C:\src\AOSP-openjdk-git\hotspot\src\share\vm\classfile\systemDictionary.cpp, line 210]
Event: 11.764 Thread 0x000000001bab4800 Exception <a 'java/lang/ClassNotFoundException': org/gradle/api/internal/file/collections/DefaultConfigurableFileTreeBeanInfo> (0x00000000dce6af98) thrown at [C:\src\AOSP-openjdk-git\hotspot\src\share\vm\classfile\systemDictionary.cpp, line 210]
Event: 11.765 Thread 0x000000001bab4800 Exception <a 'java/lang/ClassNotFoundException': org/gradle/api/internal/file/CompositeFileTreeBeanInfo> (0x00000000dcea7258) thrown at [C:\src\AOSP-openjdk-git\hotspot\src\share\vm\classfile\systemDictionary.cpp, line 210]
Event: 11.767 Thread 0x000000001bab4800 Exception <a 'java/lang/ClassNotFoundException': org/gradle/api/internal/file/CompositeFileCollectionBeanInfo> (0x00000000dcee7ff0) thrown at [C:\src\AOSP-openjdk-git\hotspot\src\share\vm\classfile\systemDictionary.cpp, line 210]
Event: 11.768 Thread 0x000000001bab4800 Exception <a 'java/lang/ClassNotFoundException': org/gradle/api/internal/file/AbstractFileCollectionBeanInfo> (0x00000000dcf28cf8) thrown at [C:\src\AOSP-openjdk-git\hotspot\src\share\vm\classfile\systemDictionary.cpp, line 210]
Event: 11.769 Thread 0x000000001bab4800 Exception <a 'java/lang/ClassNotFoundException': org/gradle/api/internal/file/AbstractFileCollectionCustomizer> (0x00000000dcf6a938) thrown at [C:\src\AOSP-openjdk-git\hotspot\src\share\vm\classfile\systemDictionary.cpp, line 210]
Event: 11.771 Thread 0x000000001bab4800 Exception <a 'java/lang/ClassNotFoundException': org/gradle/api/internal/file/CompositeFileCollectionCustomizer> (0x00000000dcfbda10) thrown at [C:\src\AOSP-openjdk-git\hotspot\src\share\vm\classfile\systemDictionary.cpp, line 210]
Event: 11.773 Thread 0x000000001bab4800 Exception <a 'java/lang/ClassNotFoundException': org/gradle/api/internal/file/CompositeFileTreeCustomizer> (0x00000000dd007b48) thrown at [C:\src\AOSP-openjdk-git\hotspot\src\share\vm\classfile\systemDictionary.cpp, line 210]
Event: 11.775 Thread 0x000000001bab4800 Exception <a 'java/lang/ClassNotFoundException': org/gradle/api/internal/file/collections/DefaultConfigurableFileTreeCustomizer> (0x00000000dd0617a8) thrown at [C:\src\AOSP-openjdk-git\hotspot\src\share\vm\classfile\systemDictionary.cpp, line 210]
Event: 12.606 Thread 0x000000001bab4800 Implicit null exception at 0x0000000003c87c95 to 0x0000000003c87f7d

Events (10 events):
Event: 12.833 loading class org/gradle/work/InputChanges done
Event: 12.833 loading class org/gradle/work/Incremental
Event: 12.833 loading class org/gradle/work/Incremental done
Event: 12.841 loading class com/android/build/gradle/internal/dependency/DexingWithClasspathTransform
Event: 12.841 loading class com/android/build/gradle/internal/dependency/DexingWithClasspathTransform done
Event: 12.844 loading class org/gradle/api/tasks/CompileClasspath
Event: 12.844 loading class org/gradle/api/tasks/CompileClasspath done
Event: 12.845 loading class org/gradle/api/artifacts/transform/InputArtifactDependencies
Event: 12.845 loading class org/gradle/api/artifacts/transform/InputArtifactDependencies done
Event: 12.846 Executing VM operation: CollectForMetadataAllocation


Dynamic libraries:
0x00007ff68fa30000 - 0x00007ff68fa61000 	C:\Program Files\Android\Android Studio\jre\bin\java.exe
0x00007ffa28090000 - 0x00007ffa28271000 	C:\WINDOWS\SYSTEM32\ntdll.dll
0x00007ffa27aa0000 - 0x00007ffa27b52000 	C:\WINDOWS\System32\KERNEL32.DLL
0x00007ffa24c20000 - 0x00007ffa24e93000 	C:\WINDOWS\System32\KERNELBASE.dll
0x00007ffa27390000 - 0x00007ffa27431000 	C:\WINDOWS\System32\ADVAPI32.dll
0x00007ffa27de0000 - 0x00007ffa27e7e000 	C:\WINDOWS\System32\msvcrt.dll
0x00007ffa27ee0000 - 0x00007ffa27f3b000 	C:\WINDOWS\System32\sechost.dll
0x00007ffa27740000 - 0x00007ffa27864000 	C:\WINDOWS\System32\RPCRT4.dll
0x00007ffa27200000 - 0x00007ffa27390000 	C:\WINDOWS\System32\USER32.dll
0x00007ffa25050000 - 0x00007ffa25070000 	C:\WINDOWS\System32\win32u.dll
0x00007ffa27440000 - 0x00007ffa27468000 	C:\WINDOWS\System32\GDI32.dll
0x00007ffa25070000 - 0x00007ffa25202000 	C:\WINDOWS\System32\gdi32full.dll
0x00007ffa25210000 - 0x00007ffa252af000 	C:\WINDOWS\System32\msvcp_win.dll
0x00007ffa24ea0000 - 0x00007ffa24f9a000 	C:\WINDOWS\System32\ucrtbase.dll
0x00007ffa0f8f0000 - 0x00007ffa0fb59000 	C:\WINDOWS\WinSxS\amd64_microsoft.windows.common-controls_6595b64144ccf1df_6.0.17134.1_none_e4da93291059d8fb\COMCTL32.dll
0x00007ffa26eb0000 - 0x00007ffa271d3000 	C:\WINDOWS\System32\combase.dll
0x00007ffa252b0000 - 0x00007ffa2532a000 	C:\WINDOWS\System32\bcryptPrimitives.dll
0x00007ffa27f40000 - 0x00007ffa27f6d000 	C:\WINDOWS\System32\IMM32.DLL
0x0000000071070000 - 0x0000000071142000 	C:\Program Files\Android\Android Studio\jre\jre\bin\msvcr100.dll
0x0000000071150000 - 0x000000007199b000 	C:\Program Files\Android\Android Studio\jre\jre\bin\server\jvm.dll
0x00007ffa271f0000 - 0x00007ffa271f8000 	C:\WINDOWS\System32\PSAPI.DLL
0x00007ffa1d350000 - 0x00007ffa1d359000 	C:\WINDOWS\SYSTEM32\WSOCK32.dll
0x00007ffa276d0000 - 0x00007ffa2773c000 	C:\WINDOWS\System32\WS2_32.dll
0x00007ffa20d90000 - 0x00007ffa20db3000 	C:\WINDOWS\SYSTEM32\WINMM.dll
0x00007ffa175e0000 - 0x00007ffa175ea000 	C:\WINDOWS\SYSTEM32\VERSION.dll
0x00007ffa20d60000 - 0x00007ffa20d8a000 	C:\WINDOWS\SYSTEM32\winmmbase.dll
0x00007ffa24460000 - 0x00007ffa244a9000 	C:\WINDOWS\System32\cfgmgr32.dll
0x00007ffa1d340000 - 0x00007ffa1d34f000 	C:\Program Files\Android\Android Studio\jre\jre\bin\verify.dll
0x00007ffa1cca0000 - 0x00007ffa1ccc9000 	C:\Program Files\Android\Android Studio\jre\jre\bin\java.dll
0x00007ffa1c1a0000 - 0x00007ffa1c1b6000 	C:\Program Files\Android\Android Studio\jre\jre\bin\zip.dll
0x00007ffa25a70000 - 0x00007ffa26eb0000 	C:\WINDOWS\System32\SHELL32.dll
0x00007ffa27620000 - 0x00007ffa276c9000 	C:\WINDOWS\System32\shcore.dll
0x00007ffa24510000 - 0x00007ffa24c1d000 	C:\WINDOWS\System32\windows.storage.dll
0x00007ffa27d80000 - 0x00007ffa27dd1000 	C:\WINDOWS\System32\shlwapi.dll
0x00007ffa24420000 - 0x00007ffa24431000 	C:\WINDOWS\System32\kernel.appcore.dll
0x00007ffa243b0000 - 0x00007ffa243cf000 	C:\WINDOWS\System32\profapi.dll
0x00007ffa243d0000 - 0x00007ffa2441c000 	C:\WINDOWS\System32\powrprof.dll
0x00007ffa243a0000 - 0x00007ffa243aa000 	C:\WINDOWS\System32\FLTLIB.DLL
0x00007ffa1c180000 - 0x00007ffa1c19a000 	C:\Program Files\Android\Android Studio\jre\jre\bin\net.dll
0x00007ffa23c20000 - 0x00007ffa23c86000 	C:\WINDOWS\system32\mswsock.dll
0x00007ffa19000000 - 0x00007ffa19013000 	C:\Program Files\Android\Android Studio\jre\jre\bin\nio.dll
0x00007ffa1f030000 - 0x00007ffa1f057000 	C:\Users\Marjan\.gradle\native\f6784746aeab05261644944871eae4fe03e0ef1612fff0a4a95f87b438bc6780\windows-amd64\native-platform.dll
0x00007ffa1cba0000 - 0x00007ffa1cbad000 	C:\Program Files\Android\Android Studio\jre\jre\bin\management.dll
0x00007ffa23dd0000 - 0x00007ffa23de7000 	C:\WINDOWS\SYSTEM32\CRYPTSP.dll
0x00007ffa23800000 - 0x00007ffa23833000 	C:\WINDOWS\system32\rsaenh.dll
0x00007ffa23f00000 - 0x00007ffa23f25000 	C:\WINDOWS\SYSTEM32\bcrypt.dll
0x00007ffa242a0000 - 0x00007ffa242c8000 	C:\WINDOWS\SYSTEM32\USERENV.dll
0x00007ffa23df0000 - 0x00007ffa23dfb000 	C:\WINDOWS\SYSTEM32\CRYPTBASE.dll
0x00007ffa239a0000 - 0x00007ffa239d8000 	C:\WINDOWS\SYSTEM32\IPHLPAPI.DLL
0x00007ffa27610000 - 0x00007ffa27618000 	C:\WINDOWS\System32\NSI.dll
0x00007ffa1b7c0000 - 0x00007ffa1b7d6000 	C:\WINDOWS\SYSTEM32\dhcpcsvc6.DLL
0x00007ffa1bac0000 - 0x00007ffa1bada000 	C:\WINDOWS\SYSTEM32\dhcpcsvc.DLL
0x00007ffa1bea0000 - 0x00007ffa1beab000 	C:\WINDOWS\SYSTEM32\WINNSI.DLL
0x00007ffa14240000 - 0x00007ffa14409000 	C:\WINDOWS\SYSTEM32\dbghelp.dll

VM Arguments:
jvm_args: -Xmx2048m -Dfile.encoding=UTF-8 -Duser.country=US -Duser.language=en -Duser.variant 
java_command: org.gradle.launcher.daemon.bootstrap.GradleDaemon 6.5
java_class_path (initial): C:\Users\Marjan\.gradle\wrapper\dists\gradle-6.5-all\2oz4ud9k3tuxjg84bbf55q0tn\gradle-6.5\lib\gradle-launcher-6.5.jar
Launcher Type: SUN_STANDARD

Environment Variables:
PATH=C:\Program Files\Common Files\Oracle\Java\javapath;C:\WINDOWS\system32;C:\WINDOWS;C:\WINDOWS\System32\Wbem;C:\WINDOWS\System32\WindowsPowerShell\v1.0\;C:\WINDOWS\System32\OpenSSH\;C:\Program Files\Git\cmd;C:\Program Files\PuTTY\;C:\Users\Marjan\AppData\Local\Programs\Python\Python38\Scripts\;C:\Users\Marjan\AppData\Local\Programs\Python\Python38\;C:\Users\Marjan\AppData\Local\Microsoft\WindowsApps;C:\Users\Marjan\AppData\Local\Programs\Microsoft VS Code\bin;C:\Users\Marjan\AppData\Local\GitHubDesktop\bin
USERNAME=Marjan
OS=Windows_NT
PROCESSOR_IDENTIFIER=Intel64 Family 6 Model 60 Stepping 3, GenuineIntel



---------------  S Y S T E M  ---------------

OS: Windows 10.0 , 64 bit Build 17134 (10.0.17134.1)

CPU:total 4 (initial active 4) (2 cores per cpu, 2 threads per core) family 6 model 60 stepping 3, cmov, cx8, fxsr, mmx, sse, sse2, sse3, ssse3, sse4.1, sse4.2, popcnt, avx, avx2, aes, clmul, erms, lzcnt, ht, tsc, tscinvbit, bmi1, bmi2

Memory: 4k page, physical 8266860k(819156k free), swap 10232940k(2167336k free)

vm_info: OpenJDK 64-Bit Server VM (25.242-b01) for windows-amd64 JRE (1.8.0_242-release-1644-b01), built by "builder" with MS VC++ 10.0 (VS2010)

time: Wed Jun 30 14:39:44 2021
timezone: Bangladesh Standard Time
elapsed time: 12 seconds (0d 0h 0m 12s)

